[2024-12-31T05:32:39.601Z] Ruta consultada: GET /joyas/filtro
[2024-12-31T05:33:56.330Z] Ruta consultada: GET /joyas/?limits=10&page=1&order_by=stock_ASC
[2024-12-31T05:34:12.672Z] Ruta consultada: GET /joyas?limits=10&page=1&order_by=stock_ASC
[2024-12-31T05:34:40.617Z] Ruta consultada: GET /joyas?limits=10&page=1&order_by=stock_ASC
[2024-12-31T05:34:41.637Z] Ruta consultada: GET /joyas?limits=10&page=1&order_by=stock_ASC
[2024-12-31T05:34:42.468Z] Ruta consultada: GET /joyas?limits=10&page=1&order_by=stock_ASC
[2024-12-31T05:34:47.987Z] Ruta consultada: GET /joyas?limits=10&page=1&order_by=stock_ASC
[2024-12-31T05:35:20.808Z] Ruta consultada: GET /joyas
[2024-12-31T05:35:31.097Z] Ruta consultada: GET /joyas/filtros
[2024-12-31T05:36:02.883Z] Ruta consultada: GET /joyas?order_by=stock_ASC
[2024-12-31T05:36:16.376Z] Ruta consultada: GET /joyas
[2024-12-31T05:36:26.885Z] Ruta consultada: GET /joyas/filtros
[2024-12-31T05:43:49.146Z] Ruta consultada: GET /joyas
[2024-12-31T05:44:13.481Z] Ruta consultada: GET /joyas
[2024-12-31T05:44:56.490Z] Ruta consultada: GET /joyas?limits=3&page=2&order_by=stock_ASC
[2024-12-31T05:45:05.244Z] Ruta consultada: GET /joyas?limits=3&page=2&order_by=stock_ASC
[2024-12-31T05:45:06.284Z] Ruta consultada: GET /joyas?limits=3&page=2&order_by=stock_ASC
[2024-12-31T05:47:33.204Z] Ruta consultada: GET /joyas?limits=3&page=2&order_by=stock_ASC
[2024-12-31T05:47:50.554Z] Ruta consultada: GET /joyas?limits=3&page=3&order_by=stock_ASC
[2024-12-31T05:47:58.290Z] Ruta consultada: GET /joyas?limits=10&page=1&order_by=stock_ASC
[2024-12-31T05:48:04.651Z] Ruta consultada: GET /joyas?limits=10&page=11&order_by=stock_ASC
[2024-12-31T05:48:11.121Z] Ruta consultada: GET /joyas?limits=10&page=1&order_by=stock_ASC
[2024-12-31T05:49:41.487Z] Ruta consultada: GET /joyas?limits=10&page=1&order_by=stock_ASC
[2024-12-31T05:49:45.141Z] Ruta consultada: GET /joyas?limits=1&page=1&order_by=stock_ASC
[2024-12-31T05:50:32.391Z] Ruta consultada: GET /joyas?limits=3&page=2&order_by=stock_ASC
